[catering]2022-02-12 19:53:18.995	[31merror[0m	C:/Users/fujj/Desktop/server/server/api/v1/system/sys_user.go:34	ç™»é™†å¤±è´¥! ç”¨æˆ·åä¸å­˜åœ¨æˆ–è€…å¯†ç é”™è¯¯!	{"error": "db not init"}
[catering]2022-02-12 19:56:22.355	[31merror[0m	C:/Users/fujj/Desktop/server/server/api/v1/system/sys_user.go:34	ç™»é™†å¤±è´¥! ç”¨æˆ·åä¸å­˜åœ¨æˆ–è€…å¯†ç é”™è¯¯!	{"error": "db not init"}
[catering]2022-02-12 20:13:52.396	[31merror[0m	C:/Users/fujj/Desktop/server/server/api/v1/system/sys_initdb.go:35	è‡ªåŠ¨åˆ›å»ºæ•°æ®åº“å¤±è´¥!	{"error": "å›å†™mysqlé…ç½®é”™è¯¯"}
[catering]2022-02-16 21:14:58.403	[31merror[0m	C:/Users/fujj/Desktop/server/server/api/v1/system/sys_user.go:34	ç™»é™†å¤±è´¥! ç”¨æˆ·åä¸å­˜åœ¨æˆ–è€…å¯†ç é”™è¯¯!	{"error": "Error 1146: Table 'gva.sys_users' doesn't exist"}
[catering]2022-02-16 21:28:27.768	[31merror[0m	C:/Users/fujj/Desktop/server/server/api/v1/system/sys_initdb.go:24	å·²å­˜åœ¨æ•°æ®åº“é…ç½®!
[catering]2022-02-16 22:02:33.781	[31merror[0m	C:/Users/fujj/Desktop/server/server/api/v1/system/sys_initdb.go:35	è‡ªåŠ¨åˆ›å»ºæ•°æ®åº“å¤±è´¥!	{"error": "casbin_ruleè¡¨æ•°æ®åˆå§‹åŒ–å¤±è´¥!: Error 1062: Duplicate entry 'p-888-/base/login-POST---' for key 'casbin_rule.idx_casbin_rule'", "errorVerbose": "Error 1062: Duplicate entry 'p-888-/base/login-POST---' for key 'casbin_rule.idx_casbin_rule'\ncasbin_ruleè¡¨æ•°æ®åˆå§‹åŒ–å¤±è´¥!\ncatering/source/system.(*casbin).Initialize\n\tC:/Users/fujj/Desktop/server/server/source/system/casbin.go:213\ncatering/model/system.MysqlDataInitialize\n\tC:/Users/fujj/Desktop/server/server/model/system/sys_initdb.go:42\ncatering/service/system.(*InitDBService).initMysqlData\n\tC:/Users/fujj/Desktop/server/server/service/system/sys_initdb_mysql.go:78\ncatering/service/system.(*InitDBService).initMsqlDB\n\tC:/Users/fujj/Desktop/server/server/service/system/sys_initdb_mysql.go:62\ncatering/service/system.(*InitDBService).InitDB\n\tC:/Users/fujj/Desktop/server/server/service/system/sys_initdb.go:24\ncatering/api/v1/system.(*DBApi).InitDB\n\tC:/Users/fujj/Desktop/server/server/api/v1/system/sys_initdb.go:34\ngithub.com/gin-gonic/gin.(*Context).Next\n\tD:/goProject/pkg/mod/github.com/gin-gonic/gin@v1.7.7/context.go:168\ngithub.com/gin-gonic/gin.CustomRecoveryWithWriter.func1\n\tD:/goProject/pkg/mod/github.com/gin-gonic/gin@v1.7.7/recovery.go:99\ngithub.com/gin-gonic/gin.(*Context).Next\n\tD:/goProject/pkg/mod/github.com/gin-gonic/gin@v1.7.7/context.go:168\ngithub.com/gin-gonic/gin.LoggerWithConfig.func1\n\tD:/goProject/pkg/mod/github.com/gin-gonic/gin@v1.7.7/logger.go:241\ngithub.com/gin-gonic/gin.(*Context).Next\n\tD:/goProject/pkg/mod/github.com/gin-gonic/gin@v1.7.7/context.go:168\ngithub.com/gin-gonic/gin.(*Engine).handleHTTPRequest\n\tD:/goProject/pkg/mod/github.com/gin-gonic/gin@v1.7.7/gin.go:555\ngithub.com/gin-gonic/gin.(*Engine).ServeHTTP\n\tD:/goProject/pkg/mod/github.com/gin-gonic/gin@v1.7.7/gin.go:511\nnet/http.serverHandler.ServeHTTP\n\tD:/go/src/net/http/server.go:2887\nnet/http.(*conn).serve\n\tD:/go/src/net/http/server.go:1952\nruntime.goexit\n\tD:/go/src/runtime/asm_amd64.s:1371"}
[catering]2022-02-17 20:35:50.007	[31merror[0m	C:/Users/fujj/Desktop/server/server/api/v1/system/sys_menu.go:27	è·å–å¤±è´¥!	{"error": "Error 1356: View 'gva.authority_menu' references invalid table(s) or column(s) or function(s) or definer/invoker of view lack rights to use them"}
[catering]2022-02-17 20:35:52.938	[31merror[0m	C:/Users/fujj/Desktop/server/server/api/v1/system/sys_menu.go:27	è·å–å¤±è´¥!	{"error": "Error 1356: View 'gva.authority_menu' references invalid table(s) or column(s) or function(s) or definer/invoker of view lack rights to use them"}
[catering]2022-02-19 14:10:14.256	[31merror[0m	C:/Users/fujj/Desktop/server/server/api/v1/system/sys_user.go:34	ç™»é™†å¤±è´¥! ç”¨æˆ·åä¸å­˜åœ¨æˆ–è€…å¯†ç é”™è¯¯!	{"error": "Error 1146: Table 'gva.sys_users' doesn't exist"}
[catering]2022-02-20 15:01:23.158	[31merror[0m	C:/Users/fujj/Desktop/server/server/api/v1/system/sys_menu.go:27	è·å–å¤±è´¥!	{"error": "Error 1356: View 'gva.authority_menu' references invalid table(s) or column(s) or function(s) or definer/invoker of view lack rights to use them"}
[catering]2022-03-02 21:37:49.477	[31merror[0m	C:/Users/fujj/Desktop/server/server/pkg/app/request.go:13	AttributeName.Required.	{"message": "AttributeName Can not be empty"}
[catering]2022-03-02 21:39:02.141	[31merror[0m	C:/Users/fujj/Desktop/server/server/pkg/app/request.go:13	AttributeName.Required.	{"message": "AttributeName Can not be empty"}
[catering]2022-03-05 11:33:55.092	[31merror[0m	C:/Users/fujj/Desktop/server/server/pkg/app/request.go:13	PageSize.Required.	{"message": "PageSize Can not be empty"}
[catering]2022-03-05 11:33:55.093	[31merror[0m	C:/Users/fujj/Desktop/server/server/pkg/app/request.go:13	PageNum.Required.	{"message": "PageNum Can not be empty"}
[catering]2022-03-05 11:34:13.307	[31merror[0m	C:/Users/fujj/Desktop/server/server/pkg/app/request.go:13	PageSize.Required.	{"message": "PageSize Can not be empty"}
[catering]2022-03-05 11:34:13.308	[31merror[0m	C:/Users/fujj/Desktop/server/server/pkg/app/request.go:13	PageNum.Required.	{"message": "PageNum Can not be empty"}
[catering]2022-03-05 11:34:31.983	[31merror[0m	C:/Users/fujj/Desktop/server/server/pkg/app/request.go:13	PageSize.Required.	{"message": "PageSize Can not be empty"}
[catering]2022-03-05 11:34:31.983	[31merror[0m	C:/Users/fujj/Desktop/server/server/pkg/app/request.go:13	PageNum.Required.	{"message": "PageNum Can not be empty"}
[catering]2022-03-05 11:34:45.342	[31merror[0m	C:/Users/fujj/Desktop/server/server/pkg/app/request.go:13	PageSize.Required.	{"message": "PageSize Can not be empty"}
[catering]2022-03-05 11:34:45.342	[31merror[0m	C:/Users/fujj/Desktop/server/server/pkg/app/request.go:13	PageNum.Required.	{"message": "PageNum Can not be empty"}
[catering]2022-03-05 11:35:22.554	[31merror[0m	C:/Users/fujj/Desktop/server/server/pkg/app/request.go:13	PageSize.Required.	{"message": "PageSize Can not be empty"}
[catering]2022-03-05 11:35:22.555	[31merror[0m	C:/Users/fujj/Desktop/server/server/pkg/app/request.go:13	PageNum.Required.	{"message": "PageNum Can not be empty"}
